<?xml version="1.0" encoding="UTF-8"?>
<!-- Generated by org.testng.reporters.JUnitXMLReporter -->
<testsuite ignored="0" hostname="C152" failures="0" tests="15" name="Test" time="319.83" errors="0" timestamp="2023-12-15T16:59:44 IST">
  <testcase classname="VEC_BaseClass.BASE_CLASS" name="@AfterMethod tearDown" time="0.103">
    <failure type="org.openqa.selenium.UnhandledAlertException" message="unexpected alert open: {Alert text : Are you sure you wish to add order?}
  (Session info: chrome=120.0.6099.110): Are you sure you wish to add order?
Build info: version: &amp;apos;4.16.1&amp;apos;, revision: &amp;apos;9b4c83354e&amp;apos;
System info: os.name: &amp;apos;Windows 10&amp;apos;, os.arch: &amp;apos;amd64&amp;apos;, os.version: &amp;apos;10.0&amp;apos;, java.version: &amp;apos;17.0.4.1&amp;apos;
Driver info: org.openqa.selenium.chrome.ChromeDriver
Command: [5f927a57de31b6d6ad0343046d428d59, close {}]
Capabilities {acceptInsecureCerts: false, browserName: chrome, browserVersion: 120.0.6099.110, chrome: {chromedriverVersion: 120.0.6099.71 (9729082fe617..., userDataDir: C:\Users\sviraj\AppData\Loc...}, fedcm:accounts: true, goog:chromeOptions: {debuggerAddress: localhost:64906}, networkConnectionEnabled: false, pageLoadStrategy: normal, platformName: windows, proxy: Proxy(), se:cdp: ws://localhost:64906/devtoo..., se:cdpVersion: 120.0.6099.110, setWindowRect: true, strictFileInteractability: false, timeouts: {implicit: 0, pageLoad: 300000, script: 30000}, unhandledPromptBehavior: dismiss and notify, webauthn:extension:credBlob: true, webauthn:extension:largeBlob: true, webauthn:extension:minPinLength: true, webauthn:extension:prf: true, webauthn:virtualAuthenticators: true}
Session ID: 5f927a57de31b6d6ad0343046d428d59">
      <![CDATA[org.openqa.selenium.UnhandledAlertException: unexpected alert open: {Alert text : Are you sure you wish to add order?}
  (Session info: chrome=120.0.6099.110): Are you sure you wish to add order?
Build info: version: '4.16.1', revision: '9b4c83354e'
System info: os.name: 'Windows 10', os.arch: 'amd64', os.version: '10.0', java.version: '17.0.4.1'
Driver info: org.openqa.selenium.chrome.ChromeDriver
Command: [5f927a57de31b6d6ad0343046d428d59, close {}]
Capabilities {acceptInsecureCerts: false, browserName: chrome, browserVersion: 120.0.6099.110, chrome: {chromedriverVersion: 120.0.6099.71 (9729082fe617..., userDataDir: C:\Users\sviraj\AppData\Loc...}, fedcm:accounts: true, goog:chromeOptions: {debuggerAddress: localhost:64906}, networkConnectionEnabled: false, pageLoadStrategy: normal, platformName: windows, proxy: Proxy(), se:cdp: ws://localhost:64906/devtoo..., se:cdpVersion: 120.0.6099.110, setWindowRect: true, strictFileInteractability: false, timeouts: {implicit: 0, pageLoad: 300000, script: 30000}, unhandledPromptBehavior: dismiss and notify, webauthn:extension:credBlob: true, webauthn:extension:largeBlob: true, webauthn:extension:minPinLength: true, webauthn:extension:prf: true, webauthn:virtualAuthenticators: true}
Session ID: 5f927a57de31b6d6ad0343046d428d59
at org.openqa.selenium.remote.codec.w3c.W3CHttpResponseCodec.decode(W3CHttpResponseCodec.java:131)
at org.openqa.selenium.remote.codec.w3c.W3CHttpResponseCodec.decode(W3CHttpResponseCodec.java:52)
at org.openqa.selenium.remote.HttpCommandExecutor.execute(HttpCommandExecutor.java:191)
at org.openqa.selenium.remote.service.DriverCommandExecutor.invokeExecute(DriverCommandExecutor.java:200)
at org.openqa.selenium.remote.service.DriverCommandExecutor.execute(DriverCommandExecutor.java:175)
at org.openqa.selenium.remote.RemoteWebDriver.execute(RemoteWebDriver.java:523)
at org.openqa.selenium.remote.RemoteWebDriver.execute(RemoteWebDriver.java:596)
at org.openqa.selenium.remote.RemoteWebDriver.execute(RemoteWebDriver.java:600)
at org.openqa.selenium.remote.RemoteWebDriver.close(RemoteWebDriver.java:410)
at VEC_BaseClass.BASE_CLASS.tearDown(BASE_CLASS.java:47)
at java.base/java.util.ArrayList.forEach(ArrayList.java:1511)
... Removed 32 stack frames]]>
    </failure>
  </testcase> <!-- @AfterMethod tearDown -->
  <testcase classname="VEC_BaseClass.BASE_CLASS" name="@AfterMethod tearDown" time="0.0">
    <skipped/>
  </testcase> <!-- @AfterMethod tearDown -->
  <testcase classname="EC_TestCase.LoginPage" name="validLogin" time="11.674"/>
  <testcase classname="EC_TestCase.TC_Dashboard" name="validLogin" time="9.94"/>
  <testcase classname="EC_TestCase.TC_Project" name="Project" time="8.697"/>
  <testcase classname="EC_TestCase.TC_Marketing" name="Project" time="11.41"/>
  <testcase classname="EC_TestCase.TC_badges" name="Badges" time="7.526"/>
  <testcase classname="EC_TestCase.TC_badges" name="Contribution" time="22.404"/>
  <testcase classname="EC_TestCase.TC_badges" name="Badges2" time="10.026"/>
  <testcase classname="EC_TestCase.TC_badges" name="Endorse" time="12.618"/>
  <testcase classname="EC_TestCase.TC_Support" name="Support" time="29.739"/>
  <testcase classname="EC_TestCase.TC_TimeSheet" name="TimeSheet" time="30.151"/>
  <testcase classname="EC_TestCase.TC_TimeSheet" name="TimeSheet1" time="50.927"/>
  <testcase classname="EC_TestCase.TC_Library_Snacks" name="Library" time="23.487"/>
  <testcase classname="EC_TestCase.TC_Library_Snacks" name="My_order" time="0.0">
    <skipped/>
  </testcase> <!-- My_order -->
  <testcase classname="EC_TestCase.TC_myprofile" name="Profile" time="41.384"/>
  <testcase classname="EC_TestCase.TC_Forgot_password" name="Forgot" time="13.658"/>
</testsuite> <!-- Test -->
